<?xml version="1.0" encoding="UTF-8"?>
<testng-results ignored="0" total="2" passed="2" failed="0" skipped="0">
  <reporter-output>
  </reporter-output>
  <suite started-at="2021-08-20T07:51:29Z" name="Suite" finished-at="2021-08-20T07:52:27Z" duration-ms="57947">
    <groups>
    </groups>
    <test started-at="2021-08-20T07:51:29Z" name="Test" finished-at="2021-08-20T07:52:27Z" duration-ms="57947">
      <class name="script.InvalidLogin">
        <test-method is-config="true" signature="openApp()[pri:0, instance:script.InvalidLogin@8909f18]" started-at="2021-08-20T07:52:13Z" name="openApp" finished-at="2021-08-20T07:52:25Z" duration-ms="11499" status="PASS">
          <reporter-output>
          </reporter-output>
        </test-method> <!-- openApp -->
        <test-method signature="testInvalidLogin()[pri:2, instance:script.InvalidLogin@8909f18]" started-at="2021-08-20T07:52:25Z" name="testInvalidLogin" finished-at="2021-08-20T07:52:27Z" duration-ms="2460" status="PASS">
          <reporter-output>
          </reporter-output>
        </test-method> <!-- testInvalidLogin -->
        <test-method is-config="true" signature="closeApp()[pri:0, instance:script.InvalidLogin@8909f18]" started-at="2021-08-20T07:52:27Z" name="closeApp" finished-at="2021-08-20T07:52:27Z" duration-ms="187" status="PASS">
          <reporter-output>
          </reporter-output>
        </test-method> <!-- closeApp -->
      </class> <!-- script.InvalidLogin -->
      <class name="script.ValidLogin">
        <test-method is-config="true" signature="openApp()[pri:0, instance:script.ValidLogin@79ca92b9]" started-at="2021-08-20T07:51:29Z" name="openApp" finished-at="2021-08-20T07:51:53Z" duration-ms="23254" status="PASS">
          <reporter-output>
          </reporter-output>
        </test-method> <!-- openApp -->
        <test-method signature="testValidLogin()[pri:0, instance:script.ValidLogin@79ca92b9]" started-at="2021-08-20T07:51:53Z" name="testValidLogin" finished-at="2021-08-20T07:52:12Z" duration-ms="19223" status="PASS">
          <reporter-output>
          </reporter-output>
        </test-method> <!-- testValidLogin -->
        <test-method is-config="true" signature="closeApp()[pri:0, instance:script.ValidLogin@79ca92b9]" started-at="2021-08-20T07:52:12Z" name="closeApp" finished-at="2021-08-20T07:52:13Z" duration-ms="1296" status="PASS">
          <reporter-output>
          </reporter-output>
        </test-method> <!-- closeApp -->
      </class> <!-- script.ValidLogin -->
    </test> <!-- Test -->
  </suite> <!-- Suite -->
</testng-results>
